Start testing: Jun 21 21:31 -03
----------------------------------------------------------
1/2 Testing: goto_flow_tests
1/2 Test: goto_flow_tests
Command: "/home/eramoss/Fire/goto_flow/cppsrc/build/tests/goto_flow_tests" "--gtest_filter=*" "--gtest_color=no"
Directory: /home/eramoss/Fire/goto_flow/cppsrc/build
"goto_flow_tests" start time: Jun 21 21:31 -03
Output:
----------------------------------------------------------
[==========] Running 12 tests from 4 test suites.
[----------] Global test environment set-up.
[----------] 3 tests from BubbleSortTest
[ RUN      ] BubbleSortTest.BubbleSortTest
[       OK ] BubbleSortTest.BubbleSortTest (0 ms)
[ RUN      ] BubbleSortTest.BigInputTest
[       OK ] BubbleSortTest.BigInputTest (272 ms)
[ RUN      ] BubbleSortTest.BigInputRandomTest
[       OK ] BubbleSortTest.BigInputRandomTest (281 ms)
[----------] 3 tests from BubbleSortTest (553 ms total)

[----------] 3 tests from InsertionSortTest
[ RUN      ] InsertionSortTest.InsertionSortTest
[       OK ] InsertionSortTest.InsertionSortTest (0 ms)
[ RUN      ] InsertionSortTest.BigInputTest
[       OK ] InsertionSortTest.BigInputTest (118 ms)
[ RUN      ] InsertionSortTest.BigInputRandomTest
[       OK ] InsertionSortTest.BigInputRandomTest (61 ms)
[----------] 3 tests from InsertionSortTest (179 ms total)

[----------] 3 tests from MergeSortTest
[ RUN      ] MergeSortTest.MergeSortTest
[       OK ] MergeSortTest.MergeSortTest (0 ms)
[ RUN      ] MergeSortTest.BigInputTest
[       OK ] MergeSortTest.BigInputTest (1 ms)
[ RUN      ] MergeSortTest.BigInputRandomTest
[       OK ] MergeSortTest.BigInputRandomTest (1 ms)
[----------] 3 tests from MergeSortTest (3 ms total)

[----------] 3 tests from QuickSortTest
[ RUN      ] QuickSortTest.QuickSortTest
[       OK ] QuickSortTest.QuickSortTest (0 ms)
[ RUN      ] QuickSortTest.BigInputTest
[       OK ] QuickSortTest.BigInputTest (172 ms)
[ RUN      ] QuickSortTest.BigInputRandomTest
[       OK ] QuickSortTest.BigInputRandomTest (1 ms)
[----------] 3 tests from QuickSortTest (174 ms total)

[----------] Global test environment tear-down
[==========] 12 tests from 4 test suites ran. (911 ms total)
[  PASSED  ] 12 tests.
<end of output>
Test time =   0.91 sec
----------------------------------------------------------
Test Passed.
"goto_flow_tests" end time: Jun 21 21:31 -03
"goto_flow_tests" time elapsed: 00:00:00
----------------------------------------------------------

2/2 Testing: unit_tests
2/2 Test: unit_tests
Command: "/home/eramoss/Fire/goto_flow/cppsrc/build/tests/goto_flow_tests"
Directory: /home/eramoss/Fire/goto_flow/cppsrc/build/tests
"unit_tests" start time: Jun 21 21:31 -03
Output:
----------------------------------------------------------
[==========] Running 12 tests from 4 test suites.
[----------] Global test environment set-up.
[----------] 3 tests from BubbleSortTest
[ RUN      ] BubbleSortTest.BubbleSortTest
[       OK ] BubbleSortTest.BubbleSortTest (0 ms)
[ RUN      ] BubbleSortTest.BigInputTest
[       OK ] BubbleSortTest.BigInputTest (260 ms)
[ RUN      ] BubbleSortTest.BigInputRandomTest
[       OK ] BubbleSortTest.BigInputRandomTest (282 ms)
[----------] 3 tests from BubbleSortTest (542 ms total)

[----------] 3 tests from InsertionSortTest
[ RUN      ] InsertionSortTest.InsertionSortTest
[       OK ] InsertionSortTest.InsertionSortTest (0 ms)
[ RUN      ] InsertionSortTest.BigInputTest
[       OK ] InsertionSortTest.BigInputTest (118 ms)
[ RUN      ] InsertionSortTest.BigInputRandomTest
[       OK ] InsertionSortTest.BigInputRandomTest (61 ms)
[----------] 3 tests from InsertionSortTest (179 ms total)

[----------] 3 tests from MergeSortTest
[ RUN      ] MergeSortTest.MergeSortTest
[       OK ] MergeSortTest.MergeSortTest (0 ms)
[ RUN      ] MergeSortTest.BigInputTest
[       OK ] MergeSortTest.BigInputTest (1 ms)
[ RUN      ] MergeSortTest.BigInputRandomTest
[       OK ] MergeSortTest.BigInputRandomTest (1 ms)
[----------] 3 tests from MergeSortTest (3 ms total)

[----------] 3 tests from QuickSortTest
[ RUN      ] QuickSortTest.QuickSortTest
[       OK ] QuickSortTest.QuickSortTest (0 ms)
[ RUN      ] QuickSortTest.BigInputTest
[       OK ] QuickSortTest.BigInputTest (171 ms)
[ RUN      ] QuickSortTest.BigInputRandomTest
[       OK ] QuickSortTest.BigInputRandomTest (1 ms)
[----------] 3 tests from QuickSortTest (173 ms total)

[----------] Global test environment tear-down
[==========] 12 tests from 4 test suites ran. (899 ms total)
[  PASSED  ] 12 tests.
<end of output>
Test time =   0.90 sec
----------------------------------------------------------
Test Passed.
"unit_tests" end time: Jun 21 21:31 -03
"unit_tests" time elapsed: 00:00:00
----------------------------------------------------------

End testing: Jun 21 21:31 -03
