<?xml version="1.0" encoding="UTF-8"?>
<Site BuildName="Linux-c++"
	BuildStamp="20240621-2013-Experimental"
	Name="eramoss"
	Generator="ctest-3.29.3"
	CompilerName="/usr/bin/c++"
	CompilerVersion="14.1.1"
	OSName="Linux"
	Hostname="eramoss"
	OSRelease="6.6.32-1-MANJARO"
	OSVersion="#1 SMP PREEMPT_DYNAMIC Mon May 27 03:41:25 UTC 2024"
	OSPlatform="x86_64"
	Is64Bits="1"
	VendorString="GenuineIntel"
	VendorID="Intel Corporation"
	FamilyID="6"
	ModelID="142"
	ProcessorCacheSize="6144"
	NumberOfLogicalCPU="8"
	NumberOfPhysicalCPU="4"
	TotalVirtualMemory="0"
	TotalPhysicalMemory="19884"
	LogicalProcessorsPerPhysical="2"
	ProcessorClockFrequency="3200.06"
	>
	<Testing>
		<StartDateTime>Jun 21 17:14 -03</StartDateTime>
		<StartTestTime>1719000856</StartTestTime>
		<TestList/>
		<EndDateTime>Jun 21 17:14 -03</EndDateTime>
		<EndTestTime>1719000856</EndTestTime>
		<ElapsedMinutes>0</ElapsedMinutes>
	</Testing>
</Site>
